Determining if the pthread_create exist failed with the following output:
Change Dir: /home/mnpan/1052Testing/project/libchewing/UnitTest/CMakeFiles/CMakeTmp

Run Build Command:"/usr/bin/make" "cmTC_5a655/fast"
/usr/bin/make -f CMakeFiles/cmTC_5a655.dir/build.make CMakeFiles/cmTC_5a655.dir/build
make[1]: Entering directory '/home/mnpan/1052Testing/project/libchewing/UnitTest/CMakeFiles/CMakeTmp'
Building C object CMakeFiles/cmTC_5a655.dir/CheckSymbolExists.c.o
/usr/bin/cc     -o CMakeFiles/cmTC_5a655.dir/CheckSymbolExists.c.o   -c /home/mnpan/1052Testing/project/libchewing/UnitTest/CMakeFiles/CMakeTmp/CheckSymbolExists.c
Linking C executable cmTC_5a655
/usr/bin/cmake -E cmake_link_script CMakeFiles/cmTC_5a655.dir/link.txt --verbose=1
/usr/bin/cc       CMakeFiles/cmTC_5a655.dir/CheckSymbolExists.c.o  -o cmTC_5a655 -rdynamic 
CMakeFiles/cmTC_5a655.dir/CheckSymbolExists.c.o: 於函式 main:
CheckSymbolExists.c:(.text+0x16): 未定義參考到「pthread_create」
collect2: error: ld returned 1 exit status
CMakeFiles/cmTC_5a655.dir/build.make:97: recipe for target 'cmTC_5a655' failed
make[1]: *** [cmTC_5a655] Error 1
make[1]: Leaving directory '/home/mnpan/1052Testing/project/libchewing/UnitTest/CMakeFiles/CMakeTmp'
Makefile:126: recipe for target 'cmTC_5a655/fast' failed
make: *** [cmTC_5a655/fast] Error 2

File /home/mnpan/1052Testing/project/libchewing/UnitTest/CMakeFiles/CMakeTmp/CheckSymbolExists.c:
/* */
#include <pthread.h>

int main(int argc, char** argv)
{
  (void)argv;
#ifndef pthread_create
  return ((int*)(&pthread_create))[argc];
#else
  (void)argc;
  return 0;
#endif
}

Determining if the function pthread_create exists in the pthreads failed with the following output:
Change Dir: /home/mnpan/1052Testing/project/libchewing/UnitTest/CMakeFiles/CMakeTmp

Run Build Command:"/usr/bin/make" "cmTC_f1547/fast"
/usr/bin/make -f CMakeFiles/cmTC_f1547.dir/build.make CMakeFiles/cmTC_f1547.dir/build
make[1]: Entering directory '/home/mnpan/1052Testing/project/libchewing/UnitTest/CMakeFiles/CMakeTmp'
Building C object CMakeFiles/cmTC_f1547.dir/CheckFunctionExists.c.o
/usr/bin/cc    -DCHECK_FUNCTION_EXISTS=pthread_create   -o CMakeFiles/cmTC_f1547.dir/CheckFunctionExists.c.o   -c /usr/share/cmake-3.5/Modules/CheckFunctionExists.c
Linking C executable cmTC_f1547
/usr/bin/cmake -E cmake_link_script CMakeFiles/cmTC_f1547.dir/link.txt --verbose=1
/usr/bin/cc   -DCHECK_FUNCTION_EXISTS=pthread_create    CMakeFiles/cmTC_f1547.dir/CheckFunctionExists.c.o  -o cmTC_f1547 -rdynamic -lpthreads 
/usr/bin/ld: 找不到 -lpthreads
collect2: error: ld returned 1 exit status
CMakeFiles/cmTC_f1547.dir/build.make:97: recipe for target 'cmTC_f1547' failed
make[1]: *** [cmTC_f1547] Error 1
make[1]: Leaving directory '/home/mnpan/1052Testing/project/libchewing/UnitTest/CMakeFiles/CMakeTmp'
Makefile:126: recipe for target 'cmTC_f1547/fast' failed
make: *** [cmTC_f1547/fast] Error 2


Determining if the pthread_create exist failed with the following output:
Change Dir: /home/joe/libchewing/UnitTest/CMakeFiles/CMakeTmp

Run Build Command:"/usr/bin/make" "cmTC_75ee1/fast"
/usr/bin/make -f CMakeFiles/cmTC_75ee1.dir/build.make CMakeFiles/cmTC_75ee1.dir/build
make[1]: Entering directory '/home/joe/libchewing/UnitTest/CMakeFiles/CMakeTmp'
Building C object CMakeFiles/cmTC_75ee1.dir/CheckSymbolExists.c.o
/usr/bin/cc     -o CMakeFiles/cmTC_75ee1.dir/CheckSymbolExists.c.o   -c /home/joe/libchewing/UnitTest/CMakeFiles/CMakeTmp/CheckSymbolExists.c
Linking C executable cmTC_75ee1
/usr/bin/cmake -E cmake_link_script CMakeFiles/cmTC_75ee1.dir/link.txt --verbose=1
/usr/bin/cc       CMakeFiles/cmTC_75ee1.dir/CheckSymbolExists.c.o  -o cmTC_75ee1 -rdynamic 
CMakeFiles/cmTC_75ee1.dir/CheckSymbolExists.c.o: 於函式 main:
CheckSymbolExists.c:(.text+0x16): 未定義參考到「pthread_create」
collect2: error: ld returned 1 exit status
CMakeFiles/cmTC_75ee1.dir/build.make:97: recipe for target 'cmTC_75ee1' failed
make[1]: *** [cmTC_75ee1] Error 1
make[1]: Leaving directory '/home/joe/libchewing/UnitTest/CMakeFiles/CMakeTmp'
Makefile:126: recipe for target 'cmTC_75ee1/fast' failed
make: *** [cmTC_75ee1/fast] Error 2

File /home/joe/libchewing/UnitTest/CMakeFiles/CMakeTmp/CheckSymbolExists.c:
/* */
#include <pthread.h>

int main(int argc, char** argv)
{
  (void)argv;
#ifndef pthread_create
  return ((int*)(&pthread_create))[argc];
#else
  (void)argc;
  return 0;
#endif
}

Determining if the function pthread_create exists in the pthreads failed with the following output:
Change Dir: /home/joe/libchewing/UnitTest/CMakeFiles/CMakeTmp

Run Build Command:"/usr/bin/make" "cmTC_3f647/fast"
/usr/bin/make -f CMakeFiles/cmTC_3f647.dir/build.make CMakeFiles/cmTC_3f647.dir/build
make[1]: Entering directory '/home/joe/libchewing/UnitTest/CMakeFiles/CMakeTmp'
Building C object CMakeFiles/cmTC_3f647.dir/CheckFunctionExists.c.o
/usr/bin/cc    -DCHECK_FUNCTION_EXISTS=pthread_create   -o CMakeFiles/cmTC_3f647.dir/CheckFunctionExists.c.o   -c /usr/share/cmake-3.5/Modules/CheckFunctionExists.c
Linking C executable cmTC_3f647
/usr/bin/cmake -E cmake_link_script CMakeFiles/cmTC_3f647.dir/link.txt --verbose=1
/usr/bin/cc   -DCHECK_FUNCTION_EXISTS=pthread_create    CMakeFiles/cmTC_3f647.dir/CheckFunctionExists.c.o  -o cmTC_3f647 -rdynamic -lpthreads 
/usr/bin/ld: 找不到 -lpthreads
collect2: error: ld returned 1 exit status
CMakeFiles/cmTC_3f647.dir/build.make:97: recipe for target 'cmTC_3f647' failed
make[1]: *** [cmTC_3f647] Error 1
make[1]: Leaving directory '/home/joe/libchewing/UnitTest/CMakeFiles/CMakeTmp'
Makefile:126: recipe for target 'cmTC_3f647/fast' failed
make: *** [cmTC_3f647/fast] Error 2


Determining if the pthread_create exist failed with the following output:
Change Dir: /home/joe/libchewing/UnitTest/CMakeFiles/CMakeTmp

Run Build Command:"/usr/bin/make" "cmTC_9b9e4/fast"
/usr/bin/make -f CMakeFiles/cmTC_9b9e4.dir/build.make CMakeFiles/cmTC_9b9e4.dir/build
make[1]: Entering directory '/home/joe/libchewing/UnitTest/CMakeFiles/CMakeTmp'
Building C object CMakeFiles/cmTC_9b9e4.dir/CheckSymbolExists.c.o
/usr/bin/cc     -o CMakeFiles/cmTC_9b9e4.dir/CheckSymbolExists.c.o   -c /home/joe/libchewing/UnitTest/CMakeFiles/CMakeTmp/CheckSymbolExists.c
Linking C executable cmTC_9b9e4
/usr/bin/cmake -E cmake_link_script CMakeFiles/cmTC_9b9e4.dir/link.txt --verbose=1
/usr/bin/cc       CMakeFiles/cmTC_9b9e4.dir/CheckSymbolExists.c.o  -o cmTC_9b9e4 -rdynamic 
CMakeFiles/cmTC_9b9e4.dir/CheckSymbolExists.c.o: 於函式 main:
CheckSymbolExists.c:(.text+0x16): 未定義參考到「pthread_create」
collect2: error: ld returned 1 exit status
CMakeFiles/cmTC_9b9e4.dir/build.make:97: recipe for target 'cmTC_9b9e4' failed
make[1]: *** [cmTC_9b9e4] Error 1
make[1]: Leaving directory '/home/joe/libchewing/UnitTest/CMakeFiles/CMakeTmp'
Makefile:126: recipe for target 'cmTC_9b9e4/fast' failed
make: *** [cmTC_9b9e4/fast] Error 2

File /home/joe/libchewing/UnitTest/CMakeFiles/CMakeTmp/CheckSymbolExists.c:
/* */
#include <pthread.h>

int main(int argc, char** argv)
{
  (void)argv;
#ifndef pthread_create
  return ((int*)(&pthread_create))[argc];
#else
  (void)argc;
  return 0;
#endif
}

Determining if the function pthread_create exists in the pthreads failed with the following output:
Change Dir: /home/joe/libchewing/UnitTest/CMakeFiles/CMakeTmp

Run Build Command:"/usr/bin/make" "cmTC_dfdd3/fast"
/usr/bin/make -f CMakeFiles/cmTC_dfdd3.dir/build.make CMakeFiles/cmTC_dfdd3.dir/build
make[1]: Entering directory '/home/joe/libchewing/UnitTest/CMakeFiles/CMakeTmp'
Building C object CMakeFiles/cmTC_dfdd3.dir/CheckFunctionExists.c.o
/usr/bin/cc    -DCHECK_FUNCTION_EXISTS=pthread_create   -o CMakeFiles/cmTC_dfdd3.dir/CheckFunctionExists.c.o   -c /usr/share/cmake-3.5/Modules/CheckFunctionExists.c
Linking C executable cmTC_dfdd3
/usr/bin/cmake -E cmake_link_script CMakeFiles/cmTC_dfdd3.dir/link.txt --verbose=1
/usr/bin/cc   -DCHECK_FUNCTION_EXISTS=pthread_create    CMakeFiles/cmTC_dfdd3.dir/CheckFunctionExists.c.o  -o cmTC_dfdd3 -rdynamic -lpthreads 
/usr/bin/ld: 找不到 -lpthreads
collect2: error: ld returned 1 exit status
CMakeFiles/cmTC_dfdd3.dir/build.make:97: recipe for target 'cmTC_dfdd3' failed
make[1]: *** [cmTC_dfdd3] Error 1
make[1]: Leaving directory '/home/joe/libchewing/UnitTest/CMakeFiles/CMakeTmp'
Makefile:126: recipe for target 'cmTC_dfdd3/fast' failed
make: *** [cmTC_dfdd3/fast] Error 2


Determining if the pthread_create exist failed with the following output:
Change Dir: /home/joe/libchewing/UnitTest/CMakeFiles/CMakeTmp

Run Build Command:"/usr/bin/make" "cmTC_8fd20/fast"
/usr/bin/make -f CMakeFiles/cmTC_8fd20.dir/build.make CMakeFiles/cmTC_8fd20.dir/build
make[1]: Entering directory '/home/joe/libchewing/UnitTest/CMakeFiles/CMakeTmp'
Building C object CMakeFiles/cmTC_8fd20.dir/CheckSymbolExists.c.o
/usr/bin/cc     -o CMakeFiles/cmTC_8fd20.dir/CheckSymbolExists.c.o   -c /home/joe/libchewing/UnitTest/CMakeFiles/CMakeTmp/CheckSymbolExists.c
Linking C executable cmTC_8fd20
/usr/bin/cmake -E cmake_link_script CMakeFiles/cmTC_8fd20.dir/link.txt --verbose=1
/usr/bin/cc       CMakeFiles/cmTC_8fd20.dir/CheckSymbolExists.c.o  -o cmTC_8fd20 -rdynamic 
CMakeFiles/cmTC_8fd20.dir/CheckSymbolExists.c.o: 於函式 main:
CheckSymbolExists.c:(.text+0x16): 未定義參考到「pthread_create」
collect2: error: ld returned 1 exit status
CMakeFiles/cmTC_8fd20.dir/build.make:97: recipe for target 'cmTC_8fd20' failed
make[1]: *** [cmTC_8fd20] Error 1
make[1]: Leaving directory '/home/joe/libchewing/UnitTest/CMakeFiles/CMakeTmp'
Makefile:126: recipe for target 'cmTC_8fd20/fast' failed
make: *** [cmTC_8fd20/fast] Error 2

File /home/joe/libchewing/UnitTest/CMakeFiles/CMakeTmp/CheckSymbolExists.c:
/* */
#include <pthread.h>

int main(int argc, char** argv)
{
  (void)argv;
#ifndef pthread_create
  return ((int*)(&pthread_create))[argc];
#else
  (void)argc;
  return 0;
#endif
}

Determining if the function pthread_create exists in the pthreads failed with the following output:
Change Dir: /home/joe/libchewing/UnitTest/CMakeFiles/CMakeTmp

Run Build Command:"/usr/bin/make" "cmTC_d2afe/fast"
/usr/bin/make -f CMakeFiles/cmTC_d2afe.dir/build.make CMakeFiles/cmTC_d2afe.dir/build
make[1]: Entering directory '/home/joe/libchewing/UnitTest/CMakeFiles/CMakeTmp'
Building C object CMakeFiles/cmTC_d2afe.dir/CheckFunctionExists.c.o
/usr/bin/cc    -DCHECK_FUNCTION_EXISTS=pthread_create   -o CMakeFiles/cmTC_d2afe.dir/CheckFunctionExists.c.o   -c /usr/share/cmake-3.5/Modules/CheckFunctionExists.c
Linking C executable cmTC_d2afe
/usr/bin/cmake -E cmake_link_script CMakeFiles/cmTC_d2afe.dir/link.txt --verbose=1
/usr/bin/cc   -DCHECK_FUNCTION_EXISTS=pthread_create    CMakeFiles/cmTC_d2afe.dir/CheckFunctionExists.c.o  -o cmTC_d2afe -rdynamic -lpthreads 
/usr/bin/ld: 找不到 -lpthreads
collect2: error: ld returned 1 exit status
CMakeFiles/cmTC_d2afe.dir/build.make:97: recipe for target 'cmTC_d2afe' failed
make[1]: *** [cmTC_d2afe] Error 1
make[1]: Leaving directory '/home/joe/libchewing/UnitTest/CMakeFiles/CMakeTmp'
Makefile:126: recipe for target 'cmTC_d2afe/fast' failed
make: *** [cmTC_d2afe/fast] Error 2


Determining if the pthread_create exist failed with the following output:
Change Dir: /home/joe/libchewing/UnitTest/CMakeFiles/CMakeTmp

Run Build Command:"/usr/bin/make" "cmTC_49722/fast"
/usr/bin/make -f CMakeFiles/cmTC_49722.dir/build.make CMakeFiles/cmTC_49722.dir/build
make[1]: Entering directory '/home/joe/libchewing/UnitTest/CMakeFiles/CMakeTmp'
Building C object CMakeFiles/cmTC_49722.dir/CheckSymbolExists.c.o
/usr/bin/cc     -o CMakeFiles/cmTC_49722.dir/CheckSymbolExists.c.o   -c /home/joe/libchewing/UnitTest/CMakeFiles/CMakeTmp/CheckSymbolExists.c
Linking C executable cmTC_49722
/usr/bin/cmake -E cmake_link_script CMakeFiles/cmTC_49722.dir/link.txt --verbose=1
/usr/bin/cc       CMakeFiles/cmTC_49722.dir/CheckSymbolExists.c.o  -o cmTC_49722 -rdynamic 
CMakeFiles/cmTC_49722.dir/CheckSymbolExists.c.o: 於函式 main:
CheckSymbolExists.c:(.text+0x16): 未定義參考到「pthread_create」
collect2: error: ld returned 1 exit status
CMakeFiles/cmTC_49722.dir/build.make:97: recipe for target 'cmTC_49722' failed
make[1]: *** [cmTC_49722] Error 1
make[1]: Leaving directory '/home/joe/libchewing/UnitTest/CMakeFiles/CMakeTmp'
Makefile:126: recipe for target 'cmTC_49722/fast' failed
make: *** [cmTC_49722/fast] Error 2

File /home/joe/libchewing/UnitTest/CMakeFiles/CMakeTmp/CheckSymbolExists.c:
/* */
#include <pthread.h>

int main(int argc, char** argv)
{
  (void)argv;
#ifndef pthread_create
  return ((int*)(&pthread_create))[argc];
#else
  (void)argc;
  return 0;
#endif
}

Determining if the function pthread_create exists in the pthreads failed with the following output:
Change Dir: /home/joe/libchewing/UnitTest/CMakeFiles/CMakeTmp

Run Build Command:"/usr/bin/make" "cmTC_51522/fast"
/usr/bin/make -f CMakeFiles/cmTC_51522.dir/build.make CMakeFiles/cmTC_51522.dir/build
make[1]: Entering directory '/home/joe/libchewing/UnitTest/CMakeFiles/CMakeTmp'
Building C object CMakeFiles/cmTC_51522.dir/CheckFunctionExists.c.o
/usr/bin/cc    -DCHECK_FUNCTION_EXISTS=pthread_create   -o CMakeFiles/cmTC_51522.dir/CheckFunctionExists.c.o   -c /usr/share/cmake-3.5/Modules/CheckFunctionExists.c
Linking C executable cmTC_51522
/usr/bin/cmake -E cmake_link_script CMakeFiles/cmTC_51522.dir/link.txt --verbose=1
/usr/bin/cc   -DCHECK_FUNCTION_EXISTS=pthread_create    CMakeFiles/cmTC_51522.dir/CheckFunctionExists.c.o  -o cmTC_51522 -rdynamic -lpthreads 
/usr/bin/ld: 找不到 -lpthreads
collect2: error: ld returned 1 exit status
CMakeFiles/cmTC_51522.dir/build.make:97: recipe for target 'cmTC_51522' failed
make[1]: *** [cmTC_51522] Error 1
make[1]: Leaving directory '/home/joe/libchewing/UnitTest/CMakeFiles/CMakeTmp'
Makefile:126: recipe for target 'cmTC_51522/fast' failed
make: *** [cmTC_51522/fast] Error 2


Determining if the pthread_create exist failed with the following output:
Change Dir: /home/joe/libchewing/UnitTest/CMakeFiles/CMakeTmp

Run Build Command:"/usr/bin/make" "cmTC_97217/fast"
/usr/bin/make -f CMakeFiles/cmTC_97217.dir/build.make CMakeFiles/cmTC_97217.dir/build
make[1]: Entering directory '/home/joe/libchewing/UnitTest/CMakeFiles/CMakeTmp'
Building C object CMakeFiles/cmTC_97217.dir/CheckSymbolExists.c.o
/usr/bin/cc     -o CMakeFiles/cmTC_97217.dir/CheckSymbolExists.c.o   -c /home/joe/libchewing/UnitTest/CMakeFiles/CMakeTmp/CheckSymbolExists.c
Linking C executable cmTC_97217
/usr/bin/cmake -E cmake_link_script CMakeFiles/cmTC_97217.dir/link.txt --verbose=1
/usr/bin/cc       CMakeFiles/cmTC_97217.dir/CheckSymbolExists.c.o  -o cmTC_97217 -rdynamic 
CMakeFiles/cmTC_97217.dir/CheckSymbolExists.c.o: 於函式 main:
CheckSymbolExists.c:(.text+0x16): 未定義參考到「pthread_create」
collect2: error: ld returned 1 exit status
CMakeFiles/cmTC_97217.dir/build.make:97: recipe for target 'cmTC_97217' failed
make[1]: *** [cmTC_97217] Error 1
make[1]: Leaving directory '/home/joe/libchewing/UnitTest/CMakeFiles/CMakeTmp'
Makefile:126: recipe for target 'cmTC_97217/fast' failed
make: *** [cmTC_97217/fast] Error 2

File /home/joe/libchewing/UnitTest/CMakeFiles/CMakeTmp/CheckSymbolExists.c:
/* */
#include <pthread.h>

int main(int argc, char** argv)
{
  (void)argv;
#ifndef pthread_create
  return ((int*)(&pthread_create))[argc];
#else
  (void)argc;
  return 0;
#endif
}

Determining if the function pthread_create exists in the pthreads failed with the following output:
Change Dir: /home/joe/libchewing/UnitTest/CMakeFiles/CMakeTmp

Run Build Command:"/usr/bin/make" "cmTC_57e6d/fast"
/usr/bin/make -f CMakeFiles/cmTC_57e6d.dir/build.make CMakeFiles/cmTC_57e6d.dir/build
make[1]: Entering directory '/home/joe/libchewing/UnitTest/CMakeFiles/CMakeTmp'
Building C object CMakeFiles/cmTC_57e6d.dir/CheckFunctionExists.c.o
/usr/bin/cc    -DCHECK_FUNCTION_EXISTS=pthread_create   -o CMakeFiles/cmTC_57e6d.dir/CheckFunctionExists.c.o   -c /usr/share/cmake-3.5/Modules/CheckFunctionExists.c
Linking C executable cmTC_57e6d
/usr/bin/cmake -E cmake_link_script CMakeFiles/cmTC_57e6d.dir/link.txt --verbose=1
/usr/bin/cc   -DCHECK_FUNCTION_EXISTS=pthread_create    CMakeFiles/cmTC_57e6d.dir/CheckFunctionExists.c.o  -o cmTC_57e6d -rdynamic -lpthreads 
/usr/bin/ld: 找不到 -lpthreads
collect2: error: ld returned 1 exit status
CMakeFiles/cmTC_57e6d.dir/build.make:97: recipe for target 'cmTC_57e6d' failed
make[1]: *** [cmTC_57e6d] Error 1
make[1]: Leaving directory '/home/joe/libchewing/UnitTest/CMakeFiles/CMakeTmp'
Makefile:126: recipe for target 'cmTC_57e6d/fast' failed
make: *** [cmTC_57e6d/fast] Error 2


